 2024-03-05	04:43:46	4b20af1c-5f39-41d0-b550-46aba3c01e4b	GET	undefined	/
 2024-03-05	04:43:46	4b20af1c-5f39-41d0-b550-46aba3c01e4b	GET	undefined	/css/style.css
 2024-03-05	05:21:58	79eb4558-235d-4dc7-af6e-d477b38caa47	OPTIONS	https://www.google.com	/
 2024-03-05	05:21:58	79eb4558-235d-4dc7-af6e-d477b38caa47	GET	https://www.google.com	/
 2024-03-05	13:42:15	4ee7bd4b-74e2-428e-af76-625eb09820d9	OPTIONS	https://www.google.com	/
 2024-03-05	13:42:15	4ee7bd4b-74e2-428e-af76-625eb09820d9	GET	https://www.google.com	/
 2024-03-05	13:42:53	4ee7bd4b-74e2-428e-af76-625eb09820d9	GET	undefined	/
 2024-03-05	13:42:53	4ee7bd4b-74e2-428e-af76-625eb09820d9	GET	undefined	/css/style.css
 2024-03-05	13:42:54	4ee7bd4b-74e2-428e-af76-625eb09820d9	GET	undefined	/favicon.ico
 2024-03-07	05:56:41	542df1fc-a2c7-4f88-af99-b9b0e7a0f5bb	GET	undefined	/users
 2024-03-07	05:57:18	542df1fc-a2c7-4f88-af99-b9b0e7a0f5bb	GET	undefined	/users
 2024-03-07	05:57:40	542df1fc-a2c7-4f88-af99-b9b0e7a0f5bb	GET	undefined	/users
 2024-03-07	06:01:11	587b2fad-f435-4d0c-8cc0-400eded42192	GET	undefined	/users
 2024-03-07	06:02:51	b1a77cd9-4482-4eb8-899f-5dcf067e37c7	GET	undefined	/users
 2024-03-07	06:06:52	b1a77cd9-4482-4eb8-899f-5dcf067e37c7	POST	undefined	/users
 2024-03-07	06:09:49	e2075a7c-d9f0-4cb4-86cf-6a1ccbc33479	POST	undefined	/users
 2024-03-07	06:15:57	a49ce83c-e4bf-442e-8642-52e5c1c0c68d	POST	undefined	/users
 2024-03-07	06:20:51	4822f595-66db-43af-9c3d-0b9784d38af4	POST	undefined	/users
 2024-03-07	06:21:30	4822f595-66db-43af-9c3d-0b9784d38af4	POST	undefined	/users
 2024-03-07	06:27:35	d354901a-3647-4663-8287-d5f7bb108d52	POST	undefined	/users
 2024-03-07	06:29:08	d81571ae-73ed-4960-b217-250eba539612	POST	undefined	/users
 2024-03-07	06:29:13	d81571ae-73ed-4960-b217-250eba539612	POST	undefined	/users
 2024-03-07	06:29:29	d81571ae-73ed-4960-b217-250eba539612	POST	undefined	/users
 2024-03-07	06:32:57	281331ca-3adb-4310-913e-62c7cba2c960	POST	undefined	/users
 2024-03-07	06:33:12	281331ca-3adb-4310-913e-62c7cba2c960	POST	undefined	/users
 2024-03-07	06:38:50	aca72056-6a92-4b96-bd9a-9a8a871102aa	POST	undefined	/users
 2024-03-07	06:38:55	aca72056-6a92-4b96-bd9a-9a8a871102aa	POST	undefined	/users
 2024-03-07	06:46:14	e24d2ffa-45ab-445a-8488-6832fab1574f	POST	undefined	/users
 2024-03-07	06:51:08	e24d2ffa-45ab-445a-8488-6832fab1574f	POST	undefined	/users
 2024-03-07	06:53:31	f4f2cbbc-29c9-47b9-bea9-4959c1711d15	POST	undefined	/users
 2024-03-07	06:54:58	2d5f15dc-54e6-4a1e-8b03-036cb545ce0c	POST	undefined	/users
 2024-03-07	06:55:49	2d5f15dc-54e6-4a1e-8b03-036cb545ce0c	POST	undefined	/users
 2024-03-07	06:59:39	d1483c93-6cd7-423f-a174-6d769f8789a4	POST	undefined	/users
 2024-03-07	07:00:48	d1483c93-6cd7-423f-a174-6d769f8789a4	POST	undefined	/users
 2024-03-07	07:09:03	ac1cd4b7-3242-48ff-94f1-99d71a418514	POST	undefined	/users
 2024-03-07	07:09:32	ac1cd4b7-3242-48ff-94f1-99d71a418514	POST	undefined	/user
 2024-03-07	07:10:04	ac1cd4b7-3242-48ff-94f1-99d71a418514	POST	undefined	/users
 2024-03-07	07:19:24	9a040e70-37fe-493b-a6bb-229464464ee9	POST	undefined	/users
 2024-03-07	07:22:59	98b43585-d80b-48e7-89a2-f443f08ff1fe	POST	undefined	/users
 2024-03-07	07:25:01	6854ab1b-5238-4681-893c-cb57a4768a41	POST	undefined	/users
 2024-03-07	07:27:14	6854ab1b-5238-4681-893c-cb57a4768a41	GET	undefined	/users
 2024-03-07	07:29:02	6854ab1b-5238-4681-893c-cb57a4768a41	POST	undefined	/users
 2024-03-07	07:29:31	6854ab1b-5238-4681-893c-cb57a4768a41	POST	undefined	/users
 2024-03-07	07:30:04	6854ab1b-5238-4681-893c-cb57a4768a41	POST	undefined	/users
 2024-03-07	07:30:20	6854ab1b-5238-4681-893c-cb57a4768a41	POST	undefined	/users
 2024-03-07	07:30:38	6854ab1b-5238-4681-893c-cb57a4768a41	POST	undefined	/users
 2024-03-07	07:30:49	6854ab1b-5238-4681-893c-cb57a4768a41	POST	undefined	/users
 2024-03-08	08:08:47	724af83c-a763-45a2-a23b-c9254ff42cc6	GET	http://localhost:5173	/notes
 2024-03-08	08:08:53	724af83c-a763-45a2-a23b-c9254ff42cc6	GET	http://localhost:5173	/notes
 2024-03-08	08:08:56	724af83c-a763-45a2-a23b-c9254ff42cc6	GET	http://localhost:5173	/notes
 2024-03-08	08:09:00	724af83c-a763-45a2-a23b-c9254ff42cc6	GET	http://localhost:5173	/users
 2024-03-08	08:09:07	724af83c-a763-45a2-a23b-c9254ff42cc6	GET	http://localhost:5173	/users
 2024-03-08	08:09:33	724af83c-a763-45a2-a23b-c9254ff42cc6	GET	http://localhost:5173	/users
 2024-03-08	08:09:36	724af83c-a763-45a2-a23b-c9254ff42cc6	GET	http://localhost:5173	/users
 2024-03-08	08:09:54	724af83c-a763-45a2-a23b-c9254ff42cc6	GET	http://localhost:5173	/users
 2024-03-08	08:09:58	724af83c-a763-45a2-a23b-c9254ff42cc6	GET	http://localhost:5173	/users
 2024-03-08	08:10:10	724af83c-a763-45a2-a23b-c9254ff42cc6	GET	http://localhost:5173	/notes
 2024-03-08	08:15:33	843eb8af-9e96-49a3-99a1-d88d07f57490	GET	http://localhost:5173	/users
 2024-03-08	08:16:57	84f16d16-ba0d-4e23-b756-b77ee866e0f6	GET	http://localhost:5173	/users
 2024-03-08	08:20:36	84f16d16-ba0d-4e23-b756-b77ee866e0f6	POST	undefined	/users
 2024-03-08	08:29:18	84f16d16-ba0d-4e23-b756-b77ee866e0f6	POST	undefined	/users
 2024-03-08	08:29:32	84f16d16-ba0d-4e23-b756-b77ee866e0f6	POST	undefined	/users
 2024-03-08	08:29:41	84f16d16-ba0d-4e23-b756-b77ee866e0f6	GET	http://localhost:5173	/users
 2024-03-08	08:30:05	84f16d16-ba0d-4e23-b756-b77ee866e0f6	GET	undefined	/users
 2024-03-08	08:30:18	84f16d16-ba0d-4e23-b756-b77ee866e0f6	GET	http://localhost:5173	/users
 2024-03-08	08:32:18	a751080a-e0ac-421a-8e18-70c9287178b3	GET	http://localhost:5173	/users
 2024-03-08	08:35:16	a751080a-e0ac-421a-8e18-70c9287178b3	PATCH	undefined	/users
 2024-03-08	08:35:56	a751080a-e0ac-421a-8e18-70c9287178b3	POST	undefined	/users
 2024-03-08	08:38:32	a751080a-e0ac-421a-8e18-70c9287178b3	GET	http://localhost:5173	/users
 2024-03-08	08:38:35	a751080a-e0ac-421a-8e18-70c9287178b3	GET	http://localhost:5173	/users
 2024-03-08	08:59:52	a751080a-e0ac-421a-8e18-70c9287178b3	GET	undefined	/users
 2024-03-08	09:02:34	a751080a-e0ac-421a-8e18-70c9287178b3	GET	undefined	/notes
 2024-03-08	09:02:51	a751080a-e0ac-421a-8e18-70c9287178b3	GET	undefined	/notes
 2024-03-08	09:03:16	a751080a-e0ac-421a-8e18-70c9287178b3	POST	undefined	/notes
 2024-03-08	09:03:29	a751080a-e0ac-421a-8e18-70c9287178b3	GET	http://localhost:5173	/notes
 2024-03-08	09:03:33	a751080a-e0ac-421a-8e18-70c9287178b3	GET	http://localhost:5173	/notes
 2024-03-08	13:17:45	a751080a-e0ac-421a-8e18-70c9287178b3	GET	http://localhost:5173	/notes
 2024-03-08	13:19:45	a751080a-e0ac-421a-8e18-70c9287178b3	GET	http://localhost:5173	/notes
 2024-03-08	13:20:09	a751080a-e0ac-421a-8e18-70c9287178b3	GET	http://localhost:5173	/notes
 2024-03-08	13:26:43	a751080a-e0ac-421a-8e18-70c9287178b3	GET	http://localhost:5173	/users
 2024-03-08	13:28:44	a751080a-e0ac-421a-8e18-70c9287178b3	GET	undefined	/notes
 2024-03-08	13:29:23	a751080a-e0ac-421a-8e18-70c9287178b3	DELETE	undefined	/notes
 2024-03-08	13:29:34	a751080a-e0ac-421a-8e18-70c9287178b3	GET	undefined	/notes
 2024-03-08	13:30:12	a751080a-e0ac-421a-8e18-70c9287178b3	GET	undefined	/notes
 2024-03-08	13:30:19	a751080a-e0ac-421a-8e18-70c9287178b3	DELETE	undefined	/notes
 2024-03-08	13:30:31	a751080a-e0ac-421a-8e18-70c9287178b3	GET	http://localhost:5173	/notes
 2024-03-08	13:30:36	a751080a-e0ac-421a-8e18-70c9287178b3	GET	http://localhost:5173	/notes
 2024-03-08	14:01:14	a751080a-e0ac-421a-8e18-70c9287178b3	GET	http://localhost:5173	/users
 2024-03-08	14:01:37	a751080a-e0ac-421a-8e18-70c9287178b3	DELETE	undefined	/notes
 2024-03-08	14:01:51	a751080a-e0ac-421a-8e18-70c9287178b3	POST	undefined	/notes
 2024-03-08	14:02:17	a751080a-e0ac-421a-8e18-70c9287178b3	GET	http://localhost:5173	/notes
 2024-03-08	23:54:13	a751080a-e0ac-421a-8e18-70c9287178b3	GET	http://localhost:5173	/notes
 2024-03-09	00:30:55	a751080a-e0ac-421a-8e18-70c9287178b3	PATCH	undefined	/notes
 2024-03-09	00:31:54	a751080a-e0ac-421a-8e18-70c9287178b3	GET	undefined	/notes
 2024-03-09	00:32:02	a751080a-e0ac-421a-8e18-70c9287178b3	GET	undefined	/notes
 2024-03-09	00:43:02	a751080a-e0ac-421a-8e18-70c9287178b3	GET	http://localhost:5173	/notes
 2024-03-09	00:45:32	a751080a-e0ac-421a-8e18-70c9287178b3	GET	http://localhost:5173	/notes
 2024-03-09	00:49:17	a751080a-e0ac-421a-8e18-70c9287178b3	GET	http://localhost:5173	/notes
 2024-03-09	00:50:49	a751080a-e0ac-421a-8e18-70c9287178b3	GET	http://localhost:5173	/notes
 2024-03-09	00:51:24	a751080a-e0ac-421a-8e18-70c9287178b3	GET	http://localhost:5173	/notes
 2024-03-09	00:52:56	a751080a-e0ac-421a-8e18-70c9287178b3	GET	http://localhost:5173	/notes
 2024-03-09	05:29:59	a751080a-e0ac-421a-8e18-70c9287178b3	GET	http://localhost:5173	/notes
 2024-03-09	05:32:51	a751080a-e0ac-421a-8e18-70c9287178b3	GET	http://localhost:5173	/notes
 2024-03-09	05:33:41	a751080a-e0ac-421a-8e18-70c9287178b3	GET	http://localhost:5173	/notes
 2024-03-09	05:52:11	a751080a-e0ac-421a-8e18-70c9287178b3	GET	http://localhost:5173	/notes
 2024-03-09	05:52:27	a751080a-e0ac-421a-8e18-70c9287178b3	GET	http://localhost:5173	/notes
 2024-03-09	05:52:39	a751080a-e0ac-421a-8e18-70c9287178b3	GET	http://localhost:5173	/notes
 2024-03-09	05:52:55	a751080a-e0ac-421a-8e18-70c9287178b3	GET	http://localhost:5173	/notes
 2024-03-09	05:53:11	a751080a-e0ac-421a-8e18-70c9287178b3	GET	http://localhost:5173	/notes
 2024-03-09	05:53:27	a751080a-e0ac-421a-8e18-70c9287178b3	GET	http://localhost:5173	/notes
 2024-03-09	05:53:43	a751080a-e0ac-421a-8e18-70c9287178b3	GET	http://localhost:5173	/notes
 2024-03-09	05:53:59	a751080a-e0ac-421a-8e18-70c9287178b3	GET	http://localhost:5173	/notes
 2024-03-09	05:54:15	a751080a-e0ac-421a-8e18-70c9287178b3	GET	http://localhost:5173	/notes
 2024-03-09	05:54:31	a751080a-e0ac-421a-8e18-70c9287178b3	GET	http://localhost:5173	/notes
 2024-03-09	05:54:47	a751080a-e0ac-421a-8e18-70c9287178b3	GET	http://localhost:5173	/notes
 2024-03-09	05:55:03	a751080a-e0ac-421a-8e18-70c9287178b3	GET	http://localhost:5173	/notes
 2024-03-09	05:55:19	a751080a-e0ac-421a-8e18-70c9287178b3	GET	http://localhost:5173	/notes
 2024-03-09	05:55:35	a751080a-e0ac-421a-8e18-70c9287178b3	GET	http://localhost:5173	/notes
 2024-03-09	05:55:51	a751080a-e0ac-421a-8e18-70c9287178b3	GET	http://localhost:5173	/notes
 2024-03-09	05:56:07	a751080a-e0ac-421a-8e18-70c9287178b3	GET	http://localhost:5173	/notes
 2024-03-09	05:56:23	a751080a-e0ac-421a-8e18-70c9287178b3	GET	http://localhost:5173	/notes
 2024-03-09	05:56:39	a751080a-e0ac-421a-8e18-70c9287178b3	GET	http://localhost:5173	/notes
 2024-03-09	05:56:55	a751080a-e0ac-421a-8e18-70c9287178b3	GET	http://localhost:5173	/notes
 2024-03-09	05:57:11	a751080a-e0ac-421a-8e18-70c9287178b3	GET	http://localhost:5173	/notes
 2024-03-09	05:57:27	a751080a-e0ac-421a-8e18-70c9287178b3	GET	http://localhost:5173	/notes
 2024-03-09	05:57:43	a751080a-e0ac-421a-8e18-70c9287178b3	GET	http://localhost:5173	/notes
 2024-03-09	05:57:59	a751080a-e0ac-421a-8e18-70c9287178b3	GET	http://localhost:5173	/notes
 2024-03-09	05:58:15	a751080a-e0ac-421a-8e18-70c9287178b3	GET	http://localhost:5173	/notes
 2024-03-09	05:58:31	a751080a-e0ac-421a-8e18-70c9287178b3	GET	http://localhost:5173	/notes
 2024-03-09	05:58:47	a751080a-e0ac-421a-8e18-70c9287178b3	GET	http://localhost:5173	/notes
 2024-03-09	05:59:03	a751080a-e0ac-421a-8e18-70c9287178b3	GET	http://localhost:5173	/notes
 2024-03-09	05:59:19	a751080a-e0ac-421a-8e18-70c9287178b3	GET	http://localhost:5173	/notes
 2024-03-09	05:59:35	a751080a-e0ac-421a-8e18-70c9287178b3	GET	http://localhost:5173	/notes
 2024-03-09	05:59:51	a751080a-e0ac-421a-8e18-70c9287178b3	GET	http://localhost:5173	/notes
 2024-03-09	06:00:07	a751080a-e0ac-421a-8e18-70c9287178b3	GET	http://localhost:5173	/notes
 2024-03-09	06:00:23	a751080a-e0ac-421a-8e18-70c9287178b3	GET	http://localhost:5173	/notes
 2024-03-09	06:00:39	a751080a-e0ac-421a-8e18-70c9287178b3	GET	http://localhost:5173	/notes
 2024-03-09	06:00:55	a751080a-e0ac-421a-8e18-70c9287178b3	GET	http://localhost:5173	/notes
 2024-03-09	06:01:11	a751080a-e0ac-421a-8e18-70c9287178b3	GET	http://localhost:5173	/notes
 2024-03-09	06:01:27	a751080a-e0ac-421a-8e18-70c9287178b3	GET	http://localhost:5173	/notes
 2024-03-09	06:01:43	a751080a-e0ac-421a-8e18-70c9287178b3	GET	http://localhost:5173	/notes
 2024-03-09	06:01:59	a751080a-e0ac-421a-8e18-70c9287178b3	GET	http://localhost:5173	/notes
 2024-03-09	06:02:15	a751080a-e0ac-421a-8e18-70c9287178b3	GET	http://localhost:5173	/notes
 2024-03-09	06:02:31	a751080a-e0ac-421a-8e18-70c9287178b3	GET	http://localhost:5173	/notes
 2024-03-09	06:02:47	a751080a-e0ac-421a-8e18-70c9287178b3	GET	http://localhost:5173	/notes
 2024-03-09	06:03:03	a751080a-e0ac-421a-8e18-70c9287178b3	GET	http://localhost:5173	/notes
 2024-03-09	06:03:19	a751080a-e0ac-421a-8e18-70c9287178b3	GET	http://localhost:5173	/notes
 2024-03-09	06:03:35	a751080a-e0ac-421a-8e18-70c9287178b3	GET	http://localhost:5173	/notes
 2024-03-09	06:03:51	a751080a-e0ac-421a-8e18-70c9287178b3	GET	http://localhost:5173	/notes
 2024-03-09	06:04:07	a751080a-e0ac-421a-8e18-70c9287178b3	GET	http://localhost:5173	/notes
 2024-03-09	06:04:23	a751080a-e0ac-421a-8e18-70c9287178b3	GET	http://localhost:5173	/notes
 2024-03-09	06:04:39	a751080a-e0ac-421a-8e18-70c9287178b3	GET	http://localhost:5173	/notes
 2024-03-09	06:04:55	a751080a-e0ac-421a-8e18-70c9287178b3	GET	http://localhost:5173	/notes
 2024-03-09	06:05:11	a751080a-e0ac-421a-8e18-70c9287178b3	GET	http://localhost:5173	/notes
 2024-03-09	06:05:27	a751080a-e0ac-421a-8e18-70c9287178b3	GET	http://localhost:5173	/notes
 2024-03-09	06:05:43	a751080a-e0ac-421a-8e18-70c9287178b3	GET	http://localhost:5173	/notes
 2024-03-09	06:05:59	a751080a-e0ac-421a-8e18-70c9287178b3	GET	http://localhost:5173	/notes
 2024-03-09	06:06:15	a751080a-e0ac-421a-8e18-70c9287178b3	GET	http://localhost:5173	/notes
 2024-03-09	06:06:31	a751080a-e0ac-421a-8e18-70c9287178b3	GET	http://localhost:5173	/notes
 2024-03-09	06:06:47	a751080a-e0ac-421a-8e18-70c9287178b3	GET	http://localhost:5173	/notes
 2024-03-09	06:07:03	a751080a-e0ac-421a-8e18-70c9287178b3	GET	http://localhost:5173	/notes
 2024-03-09	06:07:19	a751080a-e0ac-421a-8e18-70c9287178b3	GET	http://localhost:5173	/notes
 2024-03-09	06:07:35	a751080a-e0ac-421a-8e18-70c9287178b3	GET	http://localhost:5173	/notes
 2024-03-09	06:07:51	a751080a-e0ac-421a-8e18-70c9287178b3	GET	http://localhost:5173	/notes
 2024-03-09	06:08:07	a751080a-e0ac-421a-8e18-70c9287178b3	GET	http://localhost:5173	/notes
 2024-03-09	06:08:23	a751080a-e0ac-421a-8e18-70c9287178b3	GET	http://localhost:5173	/notes
 2024-03-09	06:08:39	a751080a-e0ac-421a-8e18-70c9287178b3	GET	http://localhost:5173	/notes
 2024-03-09	06:08:55	a751080a-e0ac-421a-8e18-70c9287178b3	GET	http://localhost:5173	/notes
 2024-03-09	06:09:11	a751080a-e0ac-421a-8e18-70c9287178b3	GET	http://localhost:5173	/notes
 2024-03-09	06:09:27	a751080a-e0ac-421a-8e18-70c9287178b3	GET	http://localhost:5173	/notes
 2024-03-09	06:09:43	a751080a-e0ac-421a-8e18-70c9287178b3	GET	http://localhost:5173	/notes
 2024-03-09	06:09:59	a751080a-e0ac-421a-8e18-70c9287178b3	GET	http://localhost:5173	/notes
 2024-03-09	06:10:15	a751080a-e0ac-421a-8e18-70c9287178b3	GET	http://localhost:5173	/notes
 2024-03-09	06:10:31	a751080a-e0ac-421a-8e18-70c9287178b3	GET	http://localhost:5173	/notes
 2024-03-09	06:10:47	a751080a-e0ac-421a-8e18-70c9287178b3	GET	http://localhost:5173	/notes
 2024-03-09	06:11:03	a751080a-e0ac-421a-8e18-70c9287178b3	GET	http://localhost:5173	/notes
 2024-03-09	06:11:19	a751080a-e0ac-421a-8e18-70c9287178b3	GET	http://localhost:5173	/notes
 2024-03-09	06:11:35	a751080a-e0ac-421a-8e18-70c9287178b3	GET	http://localhost:5173	/notes
 2024-03-09	06:12:24	a751080a-e0ac-421a-8e18-70c9287178b3	GET	http://localhost:5173	/notes
 2024-03-09	06:12:40	a751080a-e0ac-421a-8e18-70c9287178b3	GET	http://localhost:5173	/notes
 2024-03-09	06:12:56	a751080a-e0ac-421a-8e18-70c9287178b3	GET	http://localhost:5173	/notes
 2024-03-09	06:13:12	a751080a-e0ac-421a-8e18-70c9287178b3	GET	http://localhost:5173	/notes
 2024-03-09	06:13:28	a751080a-e0ac-421a-8e18-70c9287178b3	GET	http://localhost:5173	/notes
 2024-03-09	06:13:44	a751080a-e0ac-421a-8e18-70c9287178b3	GET	http://localhost:5173	/notes
 2024-03-09	06:14:00	a751080a-e0ac-421a-8e18-70c9287178b3	GET	http://localhost:5173	/notes
 2024-03-09	06:14:16	a751080a-e0ac-421a-8e18-70c9287178b3	GET	http://localhost:5173	/notes
 2024-03-09	06:14:32	a751080a-e0ac-421a-8e18-70c9287178b3	GET	http://localhost:5173	/notes
 2024-03-09	06:14:48	a751080a-e0ac-421a-8e18-70c9287178b3	GET	http://localhost:5173	/notes
 2024-03-09	06:15:04	a751080a-e0ac-421a-8e18-70c9287178b3	GET	http://localhost:5173	/notes
 2024-03-09	06:15:20	a751080a-e0ac-421a-8e18-70c9287178b3	GET	http://localhost:5173	/notes
 2024-03-09	06:15:36	a751080a-e0ac-421a-8e18-70c9287178b3	GET	http://localhost:5173	/notes
 2024-03-09	06:15:44	a751080a-e0ac-421a-8e18-70c9287178b3	GET	http://localhost:5173	/notes
 2024-03-09	06:15:49	a751080a-e0ac-421a-8e18-70c9287178b3	GET	http://localhost:5173	/notes
 2024-03-09	06:15:54	a751080a-e0ac-421a-8e18-70c9287178b3	GET	http://localhost:5173	/notes
 2024-03-09	06:15:59	a751080a-e0ac-421a-8e18-70c9287178b3	GET	http://localhost:5173	/notes
 2024-03-09	06:16:15	a751080a-e0ac-421a-8e18-70c9287178b3	GET	http://localhost:5173	/notes
 2024-03-09	06:16:17	a751080a-e0ac-421a-8e18-70c9287178b3	GET	http://localhost:5173	/notes
 2024-03-09	06:16:33	a751080a-e0ac-421a-8e18-70c9287178b3	GET	http://localhost:5173	/notes
 2024-03-09	06:16:49	a751080a-e0ac-421a-8e18-70c9287178b3	GET	http://localhost:5173	/notes
 2024-03-09	06:17:05	a751080a-e0ac-421a-8e18-70c9287178b3	GET	http://localhost:5173	/notes
 2024-03-09	06:17:21	a751080a-e0ac-421a-8e18-70c9287178b3	GET	http://localhost:5173	/notes
 2024-03-09	06:17:23	a751080a-e0ac-421a-8e18-70c9287178b3	GET	http://localhost:5173	/notes
 2024-03-09	06:17:24	a751080a-e0ac-421a-8e18-70c9287178b3	GET	http://localhost:5173	/notes
 2024-03-09	06:17:27	a751080a-e0ac-421a-8e18-70c9287178b3	GET	http://localhost:5173	/notes
 2024-03-09	06:17:30	a751080a-e0ac-421a-8e18-70c9287178b3	GET	http://localhost:5173	/notes
 2024-03-09	06:17:37	a751080a-e0ac-421a-8e18-70c9287178b3	GET	http://localhost:5173	/notes
 2024-03-09	06:17:41	a751080a-e0ac-421a-8e18-70c9287178b3	GET	http://localhost:5173	/notes
 2024-03-09	06:56:37	a751080a-e0ac-421a-8e18-70c9287178b3	GET	http://localhost:5173	/users
 2024-03-09	06:56:45	a751080a-e0ac-421a-8e18-70c9287178b3	GET	http://localhost:5173	/notes
 2024-03-09	07:23:25	a751080a-e0ac-421a-8e18-70c9287178b3	GET	http://localhost:5173	/notes
 2024-03-09	07:23:25	a751080a-e0ac-421a-8e18-70c9287178b3	GET	http://localhost:5173	/users
 2024-03-09	07:24:34	a751080a-e0ac-421a-8e18-70c9287178b3	OPTIONS	http://localhost:5173	/notes
 2024-03-09	07:24:34	a751080a-e0ac-421a-8e18-70c9287178b3	POST	http://localhost:5173	/notes
 2024-03-09	07:24:34	a751080a-e0ac-421a-8e18-70c9287178b3	GET	http://localhost:5173	/notes
 2024-03-09	07:24:49	a751080a-e0ac-421a-8e18-70c9287178b3	GET	http://localhost:5173	/notes
 2024-03-09	07:25:01	a751080a-e0ac-421a-8e18-70c9287178b3	OPTIONS	http://localhost:5173	/notes
 2024-03-09	07:25:01	a751080a-e0ac-421a-8e18-70c9287178b3	PATCH	http://localhost:5173	/notes
 2024-03-09	07:25:02	a751080a-e0ac-421a-8e18-70c9287178b3	GET	http://localhost:5173	/notes
 2024-03-09	07:25:10	a751080a-e0ac-421a-8e18-70c9287178b3	OPTIONS	http://localhost:5173	/notes
 2024-03-09	07:25:10	a751080a-e0ac-421a-8e18-70c9287178b3	PATCH	http://localhost:5173	/notes
 2024-03-09	07:25:10	a751080a-e0ac-421a-8e18-70c9287178b3	GET	http://localhost:5173	/notes
 2024-03-09	07:25:26	a751080a-e0ac-421a-8e18-70c9287178b3	GET	http://localhost:5173	/notes
 2024-03-09	07:25:41	a751080a-e0ac-421a-8e18-70c9287178b3	GET	http://localhost:5173	/notes
 2024-03-09	07:25:57	a751080a-e0ac-421a-8e18-70c9287178b3	GET	http://localhost:5173	/notes
 2024-03-09	07:26:12	a751080a-e0ac-421a-8e18-70c9287178b3	GET	http://localhost:5173	/notes
 2024-03-09	07:26:27	a751080a-e0ac-421a-8e18-70c9287178b3	GET	http://localhost:5173	/notes
 2024-03-09	07:26:43	a751080a-e0ac-421a-8e18-70c9287178b3	GET	http://localhost:5173	/notes
 2024-03-09	07:26:58	a751080a-e0ac-421a-8e18-70c9287178b3	GET	http://localhost:5173	/notes
 2024-03-09	07:27:12	a751080a-e0ac-421a-8e18-70c9287178b3	GET	http://localhost:5173	/notes
 2024-03-09	07:27:22	a751080a-e0ac-421a-8e18-70c9287178b3	GET	http://localhost:5173	/notes
 2024-03-09	07:27:22	a751080a-e0ac-421a-8e18-70c9287178b3	GET	http://localhost:5173	/users
 2024-03-09	07:27:29	a751080a-e0ac-421a-8e18-70c9287178b3	GET	http://localhost:5173	/notes
 2024-03-09	07:27:45	a751080a-e0ac-421a-8e18-70c9287178b3	GET	http://localhost:5173	/notes
 2024-03-09	07:28:01	a751080a-e0ac-421a-8e18-70c9287178b3	GET	http://localhost:5173	/notes
 2024-03-09	07:28:17	a751080a-e0ac-421a-8e18-70c9287178b3	GET	http://localhost:5173	/notes
 2024-03-09	07:28:33	a751080a-e0ac-421a-8e18-70c9287178b3	GET	http://localhost:5173	/notes
 2024-03-09	07:28:49	a751080a-e0ac-421a-8e18-70c9287178b3	GET	http://localhost:5173	/notes
 2024-03-09	07:29:05	a751080a-e0ac-421a-8e18-70c9287178b3	GET	http://localhost:5173	/notes
 2024-03-09	07:29:21	a751080a-e0ac-421a-8e18-70c9287178b3	GET	http://localhost:5173	/notes
 2024-03-09	07:29:37	a751080a-e0ac-421a-8e18-70c9287178b3	GET	http://localhost:5173	/notes
 2024-03-09	07:29:53	a751080a-e0ac-421a-8e18-70c9287178b3	GET	http://localhost:5173	/notes
 2024-03-09	07:30:09	a751080a-e0ac-421a-8e18-70c9287178b3	GET	http://localhost:5173	/notes
 2024-03-09	07:56:05	d05d4ec1-bacf-41db-bbd6-bea69ba8a5d2	GET	http://localhost:5173	/notes
 2024-03-09	07:56:05	d05d4ec1-bacf-41db-bbd6-bea69ba8a5d2	GET	http://localhost:5173	/users
 2024-03-09	07:56:07	d05d4ec1-bacf-41db-bbd6-bea69ba8a5d2	GET	http://localhost:5173	/notes
 2024-03-09	07:56:12	d05d4ec1-bacf-41db-bbd6-bea69ba8a5d2	GET	http://localhost:5173	/notes
 2024-03-09	07:56:28	d05d4ec1-bacf-41db-bbd6-bea69ba8a5d2	GET	http://localhost:5173	/notes
 2024-03-09	07:56:44	d05d4ec1-bacf-41db-bbd6-bea69ba8a5d2	GET	http://localhost:5173	/notes
 2024-03-09	07:57:00	d05d4ec1-bacf-41db-bbd6-bea69ba8a5d2	GET	http://localhost:5173	/notes
 2024-03-09	07:57:10	d05d4ec1-bacf-41db-bbd6-bea69ba8a5d2	GET	http://localhost:5173	/notes
 2024-03-09	07:57:10	d05d4ec1-bacf-41db-bbd6-bea69ba8a5d2	GET	http://localhost:5173	/users
 2024-03-09	07:57:12	d05d4ec1-bacf-41db-bbd6-bea69ba8a5d2	GET	http://localhost:5173	/notes
 2024-03-09	07:57:16	d05d4ec1-bacf-41db-bbd6-bea69ba8a5d2	GET	http://localhost:5173	/notes
 2024-03-09	07:57:32	d05d4ec1-bacf-41db-bbd6-bea69ba8a5d2	GET	http://localhost:5173	/notes
 2024-03-09	07:57:48	d05d4ec1-bacf-41db-bbd6-bea69ba8a5d2	GET	http://localhost:5173	/notes
 2024-03-09	07:58:01	d05d4ec1-bacf-41db-bbd6-bea69ba8a5d2	OPTIONS	http://localhost:5173	/notes
 2024-03-09	07:58:01	d05d4ec1-bacf-41db-bbd6-bea69ba8a5d2	POST	http://localhost:5173	/notes
 2024-03-09	07:58:02	d05d4ec1-bacf-41db-bbd6-bea69ba8a5d2	GET	http://localhost:5173	/notes
 2024-03-09	07:58:04	d05d4ec1-bacf-41db-bbd6-bea69ba8a5d2	GET	http://localhost:5173	/notes
 2024-03-09	07:58:15	d05d4ec1-bacf-41db-bbd6-bea69ba8a5d2	GET	http://localhost:5173	/notes
 2024-03-09	07:58:19	d05d4ec1-bacf-41db-bbd6-bea69ba8a5d2	GET	http://localhost:5173	/notes
 2024-03-09	07:58:20	d05d4ec1-bacf-41db-bbd6-bea69ba8a5d2	GET	http://localhost:5173	/notes
 2024-03-09	07:58:36	d05d4ec1-bacf-41db-bbd6-bea69ba8a5d2	GET	http://localhost:5173	/notes
 2024-03-09	07:58:52	d05d4ec1-bacf-41db-bbd6-bea69ba8a5d2	GET	http://localhost:5173	/notes
 2024-03-09	07:59:08	d05d4ec1-bacf-41db-bbd6-bea69ba8a5d2	GET	http://localhost:5173	/notes
 2024-03-09	07:59:24	d05d4ec1-bacf-41db-bbd6-bea69ba8a5d2	GET	http://localhost:5173	/notes
 2024-03-09	07:59:27	d05d4ec1-bacf-41db-bbd6-bea69ba8a5d2	GET	http://localhost:5173	/users
 2024-03-09	07:59:27	d05d4ec1-bacf-41db-bbd6-bea69ba8a5d2	GET	http://localhost:5173	/notes
 2024-03-09	07:59:32	d05d4ec1-bacf-41db-bbd6-bea69ba8a5d2	GET	http://localhost:5173	/notes
 2024-03-09	07:59:40	d05d4ec1-bacf-41db-bbd6-bea69ba8a5d2	GET	http://localhost:5173	/notes
 2024-03-09	07:59:54	d05d4ec1-bacf-41db-bbd6-bea69ba8a5d2	GET	http://localhost:5173	/notes
 2024-03-09	07:59:56	d05d4ec1-bacf-41db-bbd6-bea69ba8a5d2	GET	http://localhost:5173	/notes
 2024-03-09	08:00:06	d05d4ec1-bacf-41db-bbd6-bea69ba8a5d2	OPTIONS	http://localhost:5173	/notes
 2024-03-09	08:00:06	d05d4ec1-bacf-41db-bbd6-bea69ba8a5d2	PATCH	http://localhost:5173	/notes
 2024-03-09	08:00:06	d05d4ec1-bacf-41db-bbd6-bea69ba8a5d2	GET	http://localhost:5173	/notes
 2024-03-09	08:00:12	d05d4ec1-bacf-41db-bbd6-bea69ba8a5d2	GET	http://localhost:5173	/notes
 2024-03-09	08:00:19	d05d4ec1-bacf-41db-bbd6-bea69ba8a5d2	OPTIONS	http://localhost:5173	/notes
 2024-03-09	08:00:19	d05d4ec1-bacf-41db-bbd6-bea69ba8a5d2	DELETE	http://localhost:5173	/notes
 2024-03-09	08:00:19	d05d4ec1-bacf-41db-bbd6-bea69ba8a5d2	GET	http://localhost:5173	/notes
 2024-03-09	08:00:28	d05d4ec1-bacf-41db-bbd6-bea69ba8a5d2	GET	http://localhost:5173	/notes
 2024-03-09	08:00:37	d05d4ec1-bacf-41db-bbd6-bea69ba8a5d2	GET	http://localhost:5173	/notes
 2024-03-09	08:00:42	d05d4ec1-bacf-41db-bbd6-bea69ba8a5d2	GET	http://localhost:5173	/notes
 2024-03-09	08:00:43	d05d4ec1-bacf-41db-bbd6-bea69ba8a5d2	GET	http://localhost:5173	/notes
 2024-03-09	08:00:43	d05d4ec1-bacf-41db-bbd6-bea69ba8a5d2	GET	http://localhost:5173	/users
 2024-03-09	08:00:44	d05d4ec1-bacf-41db-bbd6-bea69ba8a5d2	GET	http://localhost:5173	/notes
 2024-03-09	08:01:00	d05d4ec1-bacf-41db-bbd6-bea69ba8a5d2	GET	http://localhost:5173	/notes
 2024-03-09	08:01:16	d05d4ec1-bacf-41db-bbd6-bea69ba8a5d2	GET	http://localhost:5173	/notes
 2024-03-09	08:01:32	d05d4ec1-bacf-41db-bbd6-bea69ba8a5d2	GET	http://localhost:5173	/notes
